{
  "RSpec": {
    "coverage": {
      "/home/saasbook/cit601/project/AccPro/app/controllers/accounts_controller.rb": [
        1,
        1,
        null,
        1,
        null,
        1,
        1,
        null,
        1,
        1,
        null,
        null,
        0,
        null,
        1,
        null,
        null,
        1,
        1,
        null,
        null,
        1,
        1,
        1,
        1,
        null,
        null,
        1,
        1,
        1,
        null,
        null,
        1,
        4,
        null,
        4,
        3,
        3,
        3,
        null,
        1,
        null,
        null,
        null,
        1,
        5,
        5,
        null,
        null,
        1,
        2,
        2,
        null,
        null,
        1,
        1,
        9,
        null,
        null
      ],
      "/home/saasbook/cit601/project/AccPro/app/controllers/application_controller.rb": [
        1,
        1,
        null
      ],
      "/home/saasbook/cit601/project/AccPro/app/helpers/application_helper.rb": [
        1,
        null
      ],
      "/home/saasbook/cit601/project/AccPro/app/helpers/accounts_helper.rb": [
        1,
        null
      ],
      "/home/saasbook/cit601/project/AccPro/app/helpers/transactions_helper.rb": [
        1,
        null
      ],
      "/home/saasbook/cit601/project/AccPro/app/models/account.rb": [
        1,
        1,
        1,
        1,
        null,
        1,
        11,
        11,
        11,
        11,
        11,
        11,
        11,
        null,
        11,
        22,
        8,
        14,
        5,
        9,
        4,
        5,
        5,
        null,
        null,
        null,
        11,
        5,
        3,
        2,
        2,
        null,
        6,
        1,
        1,
        0,
        0,
        null,
        5,
        2,
        1,
        1,
        1,
        null,
        3,
        3,
        1,
        2,
        2,
        null,
        null,
        null,
        11,
        3,
        3,
        0,
        0,
        null,
        8,
        4,
        2,
        2,
        2,
        null,
        4,
        2,
        1,
        1,
        1,
        null,
        2,
        2,
        2,
        0,
        0,
        null,
        null,
        null,
        11,
        7,
        4,
        3,
        3,
        null,
        null,
        7,
        4,
        3,
        3,
        null,
        null,
        7,
        null,
        4,
        null,
        null,
        null,
        null
      ],
      "/home/saasbook/cit601/project/AccPro/app/controllers/transactions_controller.rb": [
        1,
        1,
        null,
        1,
        null,
        1,
        1,
        1,
        null,
        null,
        1,
        1,
        null,
        null,
        1,
        1,
        1,
        1,
        1,
        1,
        0,
        null,
        1,
        null,
        null,
        1,
        1,
        1,
        1,
        1,
        1,
        0,
        null,
        1,
        null,
        null,
        1,
        5,
        null,
        5,
        1,
        4,
        5,
        1,
        1,
        null,
        4,
        null,
        null,
        null,
        null,
        4,
        3,
        3,
        3,
        null,
        1,
        1,
        null,
        null,
        null,
        null,
        null,
        null,
        1,
        3,
        3,
        null,
        null,
        1,
        2,
        2,
        null,
        null,
        1,
        1,
        7,
        null,
        null
      ],
      "/home/saasbook/cit601/project/AccPro/app/models/transaction.rb": [
        1,
        1,
        null
      ]
    },
    "timestamp": 1422140784
  }
}
